- Mon Feb 23 23:02:05 2015 logINFO: Thread 3 reading data start...
- Mon Feb 23 23:02:05 2015 logINFO: Thread 2 reading data start...
- Mon Feb 23 23:02:05 2015 logINFO: Thread 1 reading data start...
- Mon Feb 23 23:02:05 2015 logINFO: Thread 0 reading data start...
- Mon Feb 23 23:02:05 2015 logINFO: Thread 1 reading data end
- Mon Feb 23 23:02:05 2015 logINFO: Thread 1 scrubing data start...
- Mon Feb 23 23:02:05 2015 logINFO: Thread 2 reading data end
- Mon Feb 23 23:02:05 2015 logINFO: Thread 2 scrubing data start...
- Mon Feb 23 23:02:05 2015 logINFO: Thread 3 reading data end
- Mon Feb 23 23:02:05 2015 logINFO: Thread 3 scrubing data start...
- Mon Feb 23 23:02:05 2015 logINFO: Thread 0 reading data end
- Mon Feb 23 23:02:05 2015 logINFO: Thread 0 scrubing data start...
- Mon Feb 23 23:02:05 2015 logINFO: Thread 3 scrubing data end...
- Mon Feb 23 23:02:05 2015 logINFO: Thread 3 writing noise data start...
- Mon Feb 23 23:02:05 2015 logINFO: Thread 3 writing noise data end...
- Mon Feb 23 23:02:05 2015 logINFO: Thread 2 scrubing data end...
- Mon Feb 23 23:02:05 2015 logINFO: Thread 2 writing noise data start...
- Mon Feb 23 23:02:05 2015 logINFO: Thread 2 writing noise data end...
- Mon Feb 23 23:02:05 2015 logINFO: Thread 0 scrubing data end...
- Mon Feb 23 23:02:05 2015 logINFO: Thread 0 writing noise data start...
- Mon Feb 23 23:02:05 2015 logINFO: Thread 0 writing noise data end...
- Mon Feb 23 23:02:05 2015 logINFO: Thread 1 scrubing data end...
- Mon Feb 23 23:02:05 2015 logINFO: Thread 1 writing noise data start...
- Mon Feb 23 23:02:05 2015 logINFO: Thread 1 writing noise data end...
- Mon Feb 23 23:07:03 2015 logINFO: Thread 3 reading data start...
- Mon Feb 23 23:07:03 2015 logINFO: Thread 2 reading data start...
- Mon Feb 23 23:07:03 2015 logINFO: Thread 1 reading data start...
- Mon Feb 23 23:07:03 2015 logINFO: Thread 0 reading data start...
- Mon Feb 23 23:07:03 2015 logINFO: Thread 3 reading data end
- Mon Feb 23 23:07:03 2015 logINFO: Thread 3 scrubing data start...
- Mon Feb 23 23:07:03 2015 logINFO: Thread 2 reading data end
- Mon Feb 23 23:07:03 2015 logINFO: Thread 2 scrubing data start...
- Mon Feb 23 23:07:03 2015 logINFO: Thread 0 reading data end
- Mon Feb 23 23:07:03 2015 logINFO: Thread 0 scrubing data start...
- Mon Feb 23 23:07:03 2015 logINFO: Thread 1 reading data end
- Mon Feb 23 23:07:03 2015 logINFO: Thread 1 scrubing data start...
- Mon Feb 23 23:07:03 2015 logINFO: Thread 0 scrubing data end...
- Mon Feb 23 23:07:03 2015 logINFO: Thread 0 writing noise data start...
- Mon Feb 23 23:07:03 2015 logINFO: Thread 0 writing noise data end...
- Mon Feb 23 23:07:03 2015 logINFO: Thread 1 scrubing data end...
- Mon Feb 23 23:07:03 2015 logINFO: Thread 1 writing noise data start...
- Mon Feb 23 23:07:03 2015 logINFO: Thread 1 writing noise data end...
- Mon Feb 23 23:07:03 2015 logINFO: Thread 2 scrubing data end...
- Mon Feb 23 23:07:03 2015 logINFO: Thread 2 writing noise data start...
- Mon Feb 23 23:07:03 2015 logINFO: Thread 2 writing noise data end...
- Mon Feb 23 23:07:03 2015 logINFO: Thread 3 scrubing data end...
- Mon Feb 23 23:07:03 2015 logINFO: Thread 3 writing noise data start...
- Mon Feb 23 23:07:03 2015 logINFO: Thread 3 writing noise data end...
- Mon Feb 23 23:08:53 2015 logINFO: Thread 3 reading data start...
- Mon Feb 23 23:08:53 2015 logINFO: Thread 2 reading data start...
- Mon Feb 23 23:08:53 2015 logINFO: Thread 1 reading data start...
- Mon Feb 23 23:08:53 2015 logINFO: Thread 0 reading data start...
- Mon Feb 23 23:08:53 2015 logINFO: Thread 1 reading data end
- Mon Feb 23 23:08:53 2015 logINFO: Thread 0 reading data end
- Mon Feb 23 23:08:53 2015 logINFO: Thread 0 scrubing data start...
- Mon Feb 23 23:08:53 2015 logINFO: Thread 0 scrubing data end...
- Mon Feb 23 23:08:53 2015 logINFO: Thread 0 writing noise data start...
- Mon Feb 23 23:08:53 2015 logINFO: Thread 0 writing noise data end...
- Mon Feb 23 23:08:53 2015 logINFO: Thread 2 reading data end
- Mon Feb 23 23:08:53 2015 logINFO: Thread 2 scrubing data start...
- Mon Feb 23 23:08:53 2015 logINFO: Thread 2 scrubing data end...
- Mon Feb 23 23:08:53 2015 logINFO: Thread 2 writing noise data start...
- Mon Feb 23 23:08:53 2015 logINFO: Thread 2 writing noise data end...
- Mon Feb 23 23:08:53 2015 logINFO: Thread 1 scrubing data start...
- Mon Feb 23 23:08:53 2015 logINFO: Thread 1 scrubing data end...
- Mon Feb 23 23:08:53 2015 logINFO: Thread 1 writing noise data start...
- Mon Feb 23 23:08:53 2015 logINFO: Thread 1 writing noise data end...
- Mon Feb 23 23:08:53 2015 logINFO: Thread 3 reading data end
- Mon Feb 23 23:08:53 2015 logINFO: Thread 3 scrubing data start...
- Mon Feb 23 23:08:53 2015 logINFO: Thread 3 scrubing data end...
- Mon Feb 23 23:08:53 2015 logINFO: Thread 3 writing noise data start...
- Mon Feb 23 23:08:53 2015 logINFO: Thread 3 writing noise data end...
- Mon Feb 23 23:12:25 2015 logINFO: Thread 3 reading data start...
- Mon Feb 23 23:12:25 2015 logINFO: Thread 2 reading data start...
- Mon Feb 23 23:12:25 2015 logINFO: Thread 1 reading data start...
- Mon Feb 23 23:12:25 2015 logINFO: Thread 0 reading data start...
- Mon Feb 23 23:12:25 2015 logINFO: Thread 1 reading data end
- Mon Feb 23 23:12:25 2015 logINFO: Thread 1 scrubing data start...
- Mon Feb 23 23:12:25 2015 logINFO: Thread 0 reading data end
- Mon Feb 23 23:12:25 2015 logINFO: Thread 0 scrubing data start...
- Mon Feb 23 23:12:25 2015 logINFO: Thread 3 reading data end
- Mon Feb 23 23:12:25 2015 logINFO: Thread 3 scrubing data start...
- Mon Feb 23 23:12:25 2015 logINFO: Thread 2 reading data end
- Mon Feb 23 23:12:25 2015 logINFO: Thread 2 scrubing data start...
- Mon Feb 23 23:12:25 2015 logINFO: Thread 1 scrubing data end...
- Mon Feb 23 23:12:25 2015 logINFO: Thread 1 writing noise data start...
- Mon Feb 23 23:12:25 2015 logINFO: Thread 1 writing noise data end...
- Mon Feb 23 23:12:25 2015 logINFO: Thread 2 scrubing data end...
- Mon Feb 23 23:12:25 2015 logINFO: Thread 2 writing noise data start...
- Mon Feb 23 23:12:25 2015 logINFO: Thread 2 writing noise data end...
- Mon Feb 23 23:12:25 2015 logINFO: Thread 3 scrubing data end...
- Mon Feb 23 23:12:25 2015 logINFO: Thread 3 writing noise data start...
- Mon Feb 23 23:12:25 2015 logINFO: Thread 3 writing noise data end...
- Mon Feb 23 23:12:25 2015 logINFO: Thread 0 scrubing data end...
- Mon Feb 23 23:12:25 2015 logINFO: Thread 0 writing noise data start...
- Mon Feb 23 23:12:25 2015 logINFO: Thread 0 writing noise data end...
- Mon Feb 23 23:14:43 2015 logINFO: Thread 3 reading data start...
- Mon Feb 23 23:14:43 2015 logINFO: Thread 2 reading data start...
- Mon Feb 23 23:14:43 2015 logINFO: Thread 1 reading data start...
- Mon Feb 23 23:14:43 2015 logINFO: Thread 0 reading data start...
- Mon Feb 23 23:14:43 2015 logINFO: Thread 2 reading data end
- Mon Feb 23 23:14:43 2015 logINFO: Thread 2 scrubing data start...
- Mon Feb 23 23:14:43 2015 logINFO: Thread 0 reading data end
- Mon Feb 23 23:14:43 2015 logINFO: Thread 0 scrubing data start...
- Mon Feb 23 23:14:43 2015 logINFO: Thread 1 reading data end
- Mon Feb 23 23:14:43 2015 logINFO: Thread 1 scrubing data start...
- Mon Feb 23 23:14:43 2015 logINFO: Thread 3 reading data end
- Mon Feb 23 23:14:43 2015 logINFO: Thread 3 scrubing data start...
- Mon Feb 23 23:14:43 2015 logINFO: Thread 2 scrubing data end...
- Mon Feb 23 23:14:43 2015 logINFO: Thread 2 writing noise data start...
- Mon Feb 23 23:14:43 2015 logINFO: Thread 2 writing noise data end...
- Mon Feb 23 23:14:43 2015 logINFO: Thread 3 scrubing data end...
- Mon Feb 23 23:14:43 2015 logINFO: Thread 3 writing noise data start...
- Mon Feb 23 23:14:43 2015 logINFO: Thread 3 writing noise data end...
- Mon Feb 23 23:14:43 2015 logINFO: Thread 1 scrubing data end...
- Mon Feb 23 23:14:43 2015 logINFO: Thread 1 writing noise data start...
- Mon Feb 23 23:14:43 2015 logINFO: Thread 1 writing noise data end...
- Mon Feb 23 23:14:43 2015 logINFO: Thread 0 scrubing data end...
- Mon Feb 23 23:14:43 2015 logINFO: Thread 0 writing noise data start...
- Mon Feb 23 23:14:43 2015 logINFO: Thread 0 writing noise data end...
- Mon Feb 23 23:41:24 2015 logINFO: Thread 3 reading data start...
- Mon Feb 23 23:41:24 2015 logINFO: Thread 2 reading data start...
- Mon Feb 23 23:41:24 2015 logINFO: Thread 1 reading data start...
- Mon Feb 23 23:41:24 2015 logINFO: Thread 0 reading data start...
- Mon Feb 23 23:41:24 2015 logINFO: Thread 0 reading data end
- Mon Feb 23 23:41:24 2015 logINFO: Thread 0 scrubing data start...
- Mon Feb 23 23:41:24 2015 logINFO: Thread 2 reading data end
- Mon Feb 23 23:41:24 2015 logINFO: Thread 2 scrubing data start...
- Mon Feb 23 23:41:24 2015 logINFO: Thread 3 reading data end
- Mon Feb 23 23:41:24 2015 logINFO: Thread 3 scrubing data start...
- Mon Feb 23 23:41:24 2015 logINFO: Thread 1 reading data end
- Mon Feb 23 23:41:24 2015 logINFO: Thread 1 scrubing data start...
- Mon Feb 23 23:41:24 2015 logINFO: Thread 3 scrubing data end...
- Mon Feb 23 23:41:24 2015 logINFO: Thread 3 writing noise data start...
- Mon Feb 23 23:41:24 2015 logINFO: Thread 3 writing noise data end...
- Mon Feb 23 23:41:24 2015 logINFO: Thread 0 scrubing data end...
- Mon Feb 23 23:41:24 2015 logINFO: Thread 0 writing noise data start...
- Mon Feb 23 23:41:25 2015 logINFO: Thread 0 writing noise data end...
- Mon Feb 23 23:41:25 2015 logINFO: Thread 1 scrubing data end...
- Mon Feb 23 23:41:25 2015 logINFO: Thread 1 writing noise data start...
- Mon Feb 23 23:41:25 2015 logINFO: Thread 1 writing noise data end...
- Mon Feb 23 23:41:25 2015 logINFO: Thread 2 scrubing data end...
- Mon Feb 23 23:41:25 2015 logINFO: Thread 2 writing noise data start...
- Mon Feb 23 23:41:25 2015 logINFO: Thread 2 writing noise data end...
- Mon Feb 23 23:44:09 2015 logINFO: Thread 3 reading data start...
- Mon Feb 23 23:44:09 2015 logINFO: Thread 2 reading data start...
- Mon Feb 23 23:44:09 2015 logINFO: Thread 1 reading data start...
- Mon Feb 23 23:44:09 2015 logINFO: Thread 0 reading data start...
- Mon Feb 23 23:44:09 2015 logINFO: Thread 3 reading data end
- Mon Feb 23 23:44:09 2015 logINFO: Thread 3 scrubing data start...
- Mon Feb 23 23:44:09 2015 logINFO: Thread 0 reading data end
- Mon Feb 23 23:44:09 2015 logINFO: Thread 0 scrubing data start...
- Mon Feb 23 23:44:09 2015 logINFO: Thread 1 reading data end
- Mon Feb 23 23:44:09 2015 logINFO: Thread 1 scrubing data start...
- Mon Feb 23 23:44:09 2015 logINFO: Thread 2 reading data end
- Mon Feb 23 23:44:09 2015 logINFO: Thread 2 scrubing data start...
- Mon Feb 23 23:44:09 2015 logINFO: Thread 1 scrubing data end...
- Mon Feb 23 23:44:09 2015 logINFO: Thread 1 writing noise data start...
- Mon Feb 23 23:44:09 2015 logINFO: Thread 1 writing noise data end...
- Mon Feb 23 23:44:09 2015 logINFO: Thread 2 scrubing data end...
- Mon Feb 23 23:44:09 2015 logINFO: Thread 2 writing noise data start...
- Mon Feb 23 23:44:09 2015 logINFO: Thread 2 writing noise data end...
- Mon Feb 23 23:44:09 2015 logINFO: Thread 0 scrubing data end...
- Mon Feb 23 23:44:09 2015 logINFO: Thread 0 writing noise data start...
- Mon Feb 23 23:44:09 2015 logINFO: Thread 0 writing noise data end...
- Mon Feb 23 23:44:09 2015 logINFO: Thread 3 scrubing data end...
- Mon Feb 23 23:44:09 2015 logINFO: Thread 3 writing noise data start...
- Mon Feb 23 23:44:09 2015 logINFO: Thread 3 writing noise data end...
- Mon Feb 23 23:44:20 2015 logINFO: Thread 3 reading data start...
- Mon Feb 23 23:44:20 2015 logINFO: Thread 2 reading data start...
- Mon Feb 23 23:44:20 2015 logINFO: Thread 1 reading data start...
- Mon Feb 23 23:44:20 2015 logINFO: Thread 0 reading data start...
- Mon Feb 23 23:44:20 2015 logINFO: Thread 2 reading data end
- Mon Feb 23 23:44:20 2015 logINFO: Thread 2 scrubing data start...
- Mon Feb 23 23:44:20 2015 logINFO: Thread 1 reading data end
- Mon Feb 23 23:44:20 2015 logINFO: Thread 1 scrubing data start...
- Mon Feb 23 23:44:20 2015 logINFO: Thread 0 reading data end
- Mon Feb 23 23:44:20 2015 logINFO: Thread 0 scrubing data start...
- Mon Feb 23 23:44:20 2015 logINFO: Thread 3 reading data end
- Mon Feb 23 23:44:20 2015 logINFO: Thread 3 scrubing data start...
- Mon Feb 23 23:44:20 2015 logINFO: Thread 2 scrubing data end...
- Mon Feb 23 23:44:20 2015 logINFO: Thread 2 writing noise data start...
- Mon Feb 23 23:44:20 2015 logINFO: Thread 2 writing noise data end...
- Mon Feb 23 23:44:20 2015 logINFO: Thread 3 scrubing data end...
- Mon Feb 23 23:44:20 2015 logINFO: Thread 3 writing noise data start...
- Mon Feb 23 23:44:20 2015 logINFO: Thread 3 writing noise data end...
- Mon Feb 23 23:44:20 2015 logINFO: Thread 0 scrubing data end...
- Mon Feb 23 23:44:20 2015 logINFO: Thread 0 writing noise data start...
- Mon Feb 23 23:44:20 2015 logINFO: Thread 0 writing noise data end...
- Mon Feb 23 23:44:20 2015 logINFO: Thread 1 scrubing data end...
- Mon Feb 23 23:44:20 2015 logINFO: Thread 1 writing noise data start...
- Mon Feb 23 23:44:20 2015 logINFO: Thread 1 writing noise data end...
- Mon Feb 23 23:48:11 2015 logINFO: Thread 3 reading data start...
- Mon Feb 23 23:48:11 2015 logINFO: Thread 2 reading data start...
- Mon Feb 23 23:48:11 2015 logINFO: Thread 1 reading data start...
- Mon Feb 23 23:48:11 2015 logINFO: Thread 0 reading data start...
- Mon Feb 23 23:48:11 2015 logINFO: Thread 3 reading data end
- Mon Feb 23 23:48:11 2015 logINFO: Thread 3 scrubing data start...
- Mon Feb 23 23:48:11 2015 logINFO: Thread 0 reading data end
- Mon Feb 23 23:48:11 2015 logINFO: Thread 0 scrubing data start...
- Mon Feb 23 23:48:11 2015 logINFO: Thread 1 reading data end
- Mon Feb 23 23:48:11 2015 logINFO: Thread 1 scrubing data start...
- Mon Feb 23 23:48:11 2015 logINFO: Thread 1 scrubing data end...
- Mon Feb 23 23:48:11 2015 logINFO: Thread 1 writing noise data start...
- Mon Feb 23 23:48:11 2015 logINFO: Thread 1 writing noise data end...
- Mon Feb 23 23:48:11 2015 logINFO: Thread 2 reading data end
- Mon Feb 23 23:48:11 2015 logINFO: Thread 2 scrubing data start...
- Mon Feb 23 23:48:11 2015 logINFO: Thread 3 scrubing data end...
- Mon Feb 23 23:48:11 2015 logINFO: Thread 3 writing noise data start...
- Mon Feb 23 23:48:11 2015 logINFO: Thread 3 writing noise data end...
- Mon Feb 23 23:48:11 2015 logINFO: Thread 0 scrubing data end...
- Mon Feb 23 23:48:11 2015 logINFO: Thread 0 writing noise data start...
- Mon Feb 23 23:48:11 2015 logINFO: Thread 0 writing noise data end...
- Mon Feb 23 23:48:11 2015 logINFO: Thread 2 scrubing data end...
- Mon Feb 23 23:48:11 2015 logINFO: Thread 2 writing noise data start...
- Mon Feb 23 23:48:11 2015 logINFO: Thread 2 writing noise data end...
- Mon Feb 23 23:50:41 2015 logINFO: Thread 3 reading data start...
- Mon Feb 23 23:50:41 2015 logINFO: Thread 2 reading data start...
- Mon Feb 23 23:50:41 2015 logINFO: Thread 1 reading data start...
- Mon Feb 23 23:50:41 2015 logINFO: Thread 0 reading data start...
- Mon Feb 23 23:50:41 2015 logINFO: Thread 0 reading data end
- Mon Feb 23 23:50:41 2015 logINFO: Thread 0 scrubing data start...
- Mon Feb 23 23:50:41 2015 logINFO: Thread 1 reading data end
- Mon Feb 23 23:50:41 2015 logINFO: Thread 1 scrubing data start...
- Mon Feb 23 23:50:41 2015 logINFO: Thread 2 reading data end
- Mon Feb 23 23:50:41 2015 logINFO: Thread 2 scrubing data start...
- Mon Feb 23 23:50:41 2015 logINFO: Thread 3 reading data end
- Mon Feb 23 23:50:41 2015 logINFO: Thread 3 scrubing data start...
- Mon Feb 23 23:50:41 2015 logINFO: Thread 1 scrubing data end...
- Mon Feb 23 23:50:41 2015 logINFO: Thread 1 writing noise data start...
- Mon Feb 23 23:50:41 2015 logINFO: Thread 1 writing noise data end...
- Mon Feb 23 23:50:41 2015 logINFO: Thread 3 scrubing data end...
- Mon Feb 23 23:50:41 2015 logINFO: Thread 3 writing noise data start...
- Mon Feb 23 23:50:41 2015 logINFO: Thread 3 writing noise data end...
- Mon Feb 23 23:50:41 2015 logINFO: Thread 2 scrubing data end...
- Mon Feb 23 23:50:41 2015 logINFO: Thread 2 writing noise data start...
- Mon Feb 23 23:50:41 2015 logINFO: Thread 2 writing noise data end...
- Mon Feb 23 23:50:41 2015 logINFO: Thread 0 scrubing data end...
- Mon Feb 23 23:50:41 2015 logINFO: Thread 0 writing noise data start...
- Mon Feb 23 23:50:41 2015 logINFO: Thread 0 writing noise data end...
- Mon Feb 23 23:52:53 2015 logINFO: Thread 0 reading data start...
- Mon Feb 23 23:52:53 2015 logINFO: Thread 3 reading data start...
- Mon Feb 23 23:52:53 2015 logINFO: Thread 2 reading data start...
- Mon Feb 23 23:52:53 2015 logINFO: Thread 1 reading data start...
- Mon Feb 23 23:52:53 2015 logINFO: Thread 0 reading data end
- Mon Feb 23 23:52:53 2015 logINFO: Thread 0 scrubing data start...
- Mon Feb 23 23:52:53 2015 logINFO: Thread 3 reading data end
- Mon Feb 23 23:52:53 2015 logINFO: Thread 3 scrubing data start...
- Mon Feb 23 23:52:53 2015 logINFO: Thread 2 reading data end
- Mon Feb 23 23:52:53 2015 logINFO: Thread 2 scrubing data start...
- Mon Feb 23 23:52:53 2015 logINFO: Thread 1 reading data end
- Mon Feb 23 23:52:53 2015 logINFO: Thread 1 scrubing data start...
- Mon Feb 23 23:52:53 2015 logINFO: Thread 2 scrubing data end...
- Mon Feb 23 23:52:53 2015 logINFO: Thread 2 writing noise data start...
- Mon Feb 23 23:52:53 2015 logINFO: Thread 2 writing noise data end...
- Mon Feb 23 23:52:53 2015 logINFO: Thread 1 scrubing data end...
- Mon Feb 23 23:52:53 2015 logINFO: Thread 1 writing noise data start...
- Mon Feb 23 23:52:53 2015 logINFO: Thread 1 writing noise data end...
- Mon Feb 23 23:52:53 2015 logINFO: Thread 0 scrubing data end...
- Mon Feb 23 23:52:53 2015 logINFO: Thread 0 writing noise data start...
- Mon Feb 23 23:52:53 2015 logINFO: Thread 0 writing noise data end...
- Mon Feb 23 23:52:53 2015 logINFO: Thread 3 scrubing data end...
- Mon Feb 23 23:52:53 2015 logINFO: Thread 3 writing noise data start...
- Mon Feb 23 23:52:53 2015 logINFO: Thread 3 writing noise data end...
- Mon Feb 23 23:55:03 2015 logINFO: Thread 3 reading data start...
- Mon Feb 23 23:55:03 2015 logINFO: Thread 2 reading data start...
- Mon Feb 23 23:55:03 2015 logINFO: Thread 1 reading data start...
- Mon Feb 23 23:55:03 2015 logINFO: Thread 0 reading data start...
- Mon Feb 23 23:55:03 2015 logINFO: Thread 2 reading data end
- Mon Feb 23 23:55:03 2015 logINFO: Thread 2 scrubing data start...
- Mon Feb 23 23:55:03 2015 logINFO: Thread 3 reading data end
- Mon Feb 23 23:55:03 2015 logINFO: Thread 3 scrubing data start...
- Mon Feb 23 23:55:03 2015 logINFO: Thread 0 reading data end
- Mon Feb 23 23:55:03 2015 logINFO: Thread 0 scrubing data start...
- Mon Feb 23 23:55:03 2015 logINFO: Thread 1 reading data end
- Mon Feb 23 23:55:03 2015 logINFO: Thread 1 scrubing data start...
- Mon Feb 23 23:55:03 2015 logINFO: Thread 3 scrubing data end...
- Mon Feb 23 23:55:03 2015 logINFO: Thread 3 writing noise data start...
- Mon Feb 23 23:55:03 2015 logINFO: Thread 3 writing noise data end...
- Mon Feb 23 23:55:03 2015 logINFO: Thread 1 scrubing data end...
- Mon Feb 23 23:55:03 2015 logINFO: Thread 1 writing noise data start...
- Mon Feb 23 23:55:03 2015 logINFO: Thread 1 writing noise data end...
- Mon Feb 23 23:55:03 2015 logINFO: Thread 0 scrubing data end...
- Mon Feb 23 23:55:03 2015 logINFO: Thread 0 writing noise data start...
- Mon Feb 23 23:55:03 2015 logINFO: Thread 0 writing noise data end...
- Mon Feb 23 23:55:03 2015 logINFO: Thread 2 scrubing data end...
- Mon Feb 23 23:55:03 2015 logINFO: Thread 2 writing noise data start...
- Mon Feb 23 23:55:03 2015 logINFO: Thread 2 writing noise data end...
- Tue Feb 24 00:00:21 2015 logINFO: Thread 3 reading data start...
- Tue Feb 24 00:00:21 2015 logINFO: Thread 2 reading data start...
- Tue Feb 24 00:00:21 2015 logINFO: Thread 1 reading data start...
- Tue Feb 24 00:00:21 2015 logINFO: Thread 0 reading data start...
- Tue Feb 24 00:00:21 2015 logINFO: Thread 3 reading data end
- Tue Feb 24 00:00:21 2015 logINFO: Thread 3 scrubing data start...
- Tue Feb 24 00:00:21 2015 logINFO: Thread 1 reading data end
- Tue Feb 24 00:00:21 2015 logINFO: Thread 1 scrubing data start...
- Tue Feb 24 00:00:21 2015 logINFO: Thread 0 reading data end
- Tue Feb 24 00:00:21 2015 logINFO: Thread 0 scrubing data start...
- Tue Feb 24 00:00:21 2015 logINFO: Thread 2 reading data end
- Tue Feb 24 00:00:21 2015 logINFO: Thread 2 scrubing data start...
- Tue Feb 24 00:00:21 2015 logINFO: Thread 3 scrubing data end...
- Tue Feb 24 00:00:21 2015 logINFO: Thread 3 writing noise data start...
- Tue Feb 24 00:00:21 2015 logINFO: Thread 3 writing noise data end...
- Tue Feb 24 00:00:21 2015 logINFO: Thread 1 scrubing data end...
- Tue Feb 24 00:00:21 2015 logINFO: Thread 1 writing noise data start...
- Tue Feb 24 00:00:21 2015 logINFO: Thread 1 writing noise data end...
- Tue Feb 24 00:00:21 2015 logINFO: Thread 2 scrubing data end...
- Tue Feb 24 00:00:21 2015 logINFO: Thread 2 writing noise data start...
- Tue Feb 24 00:00:21 2015 logINFO: Thread 2 writing noise data end...
- Tue Feb 24 00:00:21 2015 logINFO: Thread 0 scrubing data end...
- Tue Feb 24 00:00:21 2015 logINFO: Thread 0 writing noise data start...
- Tue Feb 24 00:00:21 2015 logINFO: Thread 0 writing noise data end...
- Tue Feb 24 00:01:26 2015 logINFO: Thread 3 reading data start...
- Tue Feb 24 00:01:26 2015 logINFO: Thread 2 reading data start...
- Tue Feb 24 00:01:26 2015 logINFO: Thread 1 reading data start...
- Tue Feb 24 00:01:26 2015 logINFO: Thread 0 reading data start...
- Tue Feb 24 00:01:26 2015 logINFO: Thread 1 reading data end
- Tue Feb 24 00:01:26 2015 logINFO: Thread 1 scrubing data start...
- Tue Feb 24 00:01:26 2015 logINFO: Thread 2 reading data end
- Tue Feb 24 00:01:26 2015 logINFO: Thread 2 scrubing data start...
- Tue Feb 24 00:01:26 2015 logINFO: Thread 0 reading data end
- Tue Feb 24 00:01:26 2015 logINFO: Thread 0 scrubing data start...
- Tue Feb 24 00:01:26 2015 logINFO: Thread 0 scrubing data end...
- Tue Feb 24 00:01:26 2015 logINFO: Thread 3 reading data end
- Tue Feb 24 00:01:26 2015 logINFO: Thread 3 scrubing data start...
- Tue Feb 24 00:01:26 2015 logINFO: Thread 3 scrubing data end...
- Tue Feb 24 00:01:26 2015 logINFO: Thread 3 writing noise data start...
- Tue Feb 24 00:01:26 2015 logINFO: Thread 3 writing noise data end...
- Tue Feb 24 00:01:26 2015 logINFO: Thread 2 scrubing data end...
- Tue Feb 24 00:01:26 2015 logINFO: Thread 2 writing noise data start...
- Tue Feb 24 00:01:26 2015 logINFO: Thread 2 writing noise data end...
- Tue Feb 24 00:01:26 2015 logINFO: Thread 0 writing noise data start...
- Tue Feb 24 00:01:26 2015 logINFO: Thread 0 writing noise data end...
- Tue Feb 24 00:01:26 2015 logINFO: Thread 1 scrubing data end...
- Tue Feb 24 00:01:26 2015 logINFO: Thread 1 writing noise data start...
- Tue Feb 24 00:01:26 2015 logINFO: Thread 1 writing noise data end...
- Tue Feb 24 00:02:44 2015 logINFO: Thread 3 reading data start...
- Tue Feb 24 00:02:44 2015 logINFO: Thread 2 reading data start...
- Tue Feb 24 00:02:44 2015 logINFO: Thread 1 reading data start...
- Tue Feb 24 00:02:44 2015 logINFO: Thread 0 reading data start...
- Tue Feb 24 00:02:44 2015 logINFO: Thread 0 reading data end
- Tue Feb 24 00:02:44 2015 logINFO: Thread 0 scrubing data start...
- Tue Feb 24 00:02:44 2015 logINFO: Thread 0 scrubing data end...
- Tue Feb 24 00:02:44 2015 logINFO: Thread 0 writing noise data start...
- Tue Feb 24 00:02:44 2015 logINFO: Thread 0 writing noise data end...
- Tue Feb 24 00:02:44 2015 logINFO: Thread 3 reading data end
- Tue Feb 24 00:02:44 2015 logINFO: Thread 3 scrubing data start...
- Tue Feb 24 00:02:44 2015 logINFO: Thread 3 scrubing data end...
- Tue Feb 24 00:02:44 2015 logINFO: Thread 3 writing noise data start...
- Tue Feb 24 00:02:44 2015 logINFO: Thread 3 writing noise data end...
- Tue Feb 24 00:02:44 2015 logINFO: Thread 2 reading data end
- Tue Feb 24 00:02:44 2015 logINFO: Thread 2 scrubing data start...
- Tue Feb 24 00:02:44 2015 logINFO: Thread 2 scrubing data end...
- Tue Feb 24 00:02:44 2015 logINFO: Thread 2 writing noise data start...
- Tue Feb 24 00:02:44 2015 logINFO: Thread 2 writing noise data end...
- Tue Feb 24 00:02:44 2015 logINFO: Thread 1 reading data end
- Tue Feb 24 00:02:44 2015 logINFO: Thread 1 scrubing data start...
- Tue Feb 24 00:02:44 2015 logINFO: Thread 1 scrubing data end...
- Tue Feb 24 00:02:44 2015 logINFO: Thread 1 writing noise data start...
- Tue Feb 24 00:02:44 2015 logINFO: Thread 1 writing noise data end...
- Tue Feb 24 00:07:24 2015 logINFO: Thread 3 reading data start...
- Tue Feb 24 00:07:24 2015 logINFO: Thread 2 reading data start...
- Tue Feb 24 00:07:24 2015 logINFO: Thread 1 reading data start...
- Tue Feb 24 00:07:24 2015 logINFO: Thread 0 reading data start...
- Tue Feb 24 00:07:25 2015 logINFO: Thread 2 reading data end
- Tue Feb 24 00:07:25 2015 logINFO: Thread 2 scrubing data start...
- Tue Feb 24 00:07:25 2015 logINFO: Thread 1 reading data end
- Tue Feb 24 00:07:25 2015 logINFO: Thread 1 scrubing data start...
- Tue Feb 24 00:07:25 2015 logINFO: Thread 3 reading data end
- Tue Feb 24 00:07:25 2015 logINFO: Thread 3 scrubing data start...
- Tue Feb 24 00:07:25 2015 logINFO: Thread 0 reading data end
- Tue Feb 24 00:07:25 2015 logINFO: Thread 0 scrubing data start...
- Tue Feb 24 00:07:25 2015 logINFO: Thread 1 scrubing data end...
- Tue Feb 24 00:07:25 2015 logINFO: Thread 1 writing noise data start...
- Tue Feb 24 00:07:25 2015 logINFO: Thread 1 writing noise data end...
- Tue Feb 24 00:07:25 2015 logINFO: Thread 2 scrubing data end...
- Tue Feb 24 00:07:25 2015 logINFO: Thread 2 writing noise data start...
- Tue Feb 24 00:07:25 2015 logINFO: Thread 2 writing noise data end...
- Tue Feb 24 00:07:25 2015 logINFO: Thread 0 scrubing data end...
- Tue Feb 24 00:07:25 2015 logINFO: Thread 0 writing noise data start...
- Tue Feb 24 00:07:25 2015 logINFO: Thread 0 writing noise data end...
- Tue Feb 24 00:07:25 2015 logINFO: Thread 3 scrubing data end...
- Tue Feb 24 00:07:25 2015 logINFO: Thread 3 writing noise data start...
- Tue Feb 24 00:07:25 2015 logINFO: Thread 3 writing noise data end...
- Tue Feb 24 00:08:22 2015 logINFO: Thread 3 reading data start...
- Tue Feb 24 00:08:22 2015 logINFO: Thread 2 reading data start...
- Tue Feb 24 00:08:22 2015 logINFO: Thread 1 reading data start...
- Tue Feb 24 00:08:22 2015 logINFO: Thread 0 reading data start...
- Tue Feb 24 00:08:22 2015 logINFO: Thread 2 reading data end
- Tue Feb 24 00:08:22 2015 logINFO: Thread 2 scrubing data start...
- Tue Feb 24 00:08:22 2015 logINFO: Thread 2 scrubing data end...
- Tue Feb 24 00:08:22 2015 logINFO: Thread 2 writing noise data start...
- Tue Feb 24 00:08:22 2015 logINFO: Thread 2 writing noise data end...
- Tue Feb 24 00:08:22 2015 logINFO: Thread 1 reading data end
- Tue Feb 24 00:08:22 2015 logINFO: Thread 1 scrubing data start...
- Tue Feb 24 00:08:22 2015 logINFO: Thread 1 scrubing data end...
- Tue Feb 24 00:08:22 2015 logINFO: Thread 1 writing noise data start...
- Tue Feb 24 00:08:22 2015 logINFO: Thread 1 writing noise data end...
- Tue Feb 24 00:08:22 2015 logINFO: Thread 3 reading data end
- Tue Feb 24 00:08:22 2015 logINFO: Thread 3 scrubing data start...
- Tue Feb 24 00:08:22 2015 logINFO: Thread 3 scrubing data end...
- Tue Feb 24 00:08:22 2015 logINFO: Thread 3 writing noise data start...
- Tue Feb 24 00:08:22 2015 logINFO: Thread 3 writing noise data end...
- Tue Feb 24 00:08:22 2015 logINFO: Thread 0 reading data end
- Tue Feb 24 00:08:22 2015 logINFO: Thread 0 scrubing data start...
- Tue Feb 24 00:08:22 2015 logINFO: Thread 0 scrubing data end...
- Tue Feb 24 00:08:22 2015 logINFO: Thread 0 writing noise data start...
- Tue Feb 24 00:08:22 2015 logINFO: Thread 0 writing noise data end...
- Tue Feb 24 09:07:46 2015 logINFO: Thread 0 reading data start...
- Tue Feb 24 09:07:46 2015 logINFO: Thread 0 reading data end
- Tue Feb 24 09:07:46 2015 logINFO: Thread 0 scrubing data start...
- Tue Feb 24 09:07:46 2015 logINFO: Thread 0 scrubing data end...
- Tue Feb 24 09:07:46 2015 logINFO: Thread 0 writing noise data start...
- Tue Feb 24 09:07:46 2015 logINFO: Thread 0 writing noise data end...
- Tue Feb 24 09:25:22 2015 logINFO: Thread 3 reading data start...
- Tue Feb 24 09:25:22 2015 logINFO: Thread 2 reading data start...
- Tue Feb 24 09:25:22 2015 logINFO: Thread 1 reading data start...
- Tue Feb 24 09:25:22 2015 logINFO: Thread 0 reading data start...
- Tue Feb 24 09:25:22 2015 logINFO: Thread 2 reading data end
- Tue Feb 24 09:25:22 2015 logINFO: Thread 2 scrubing data start...
- Tue Feb 24 09:25:22 2015 logINFO: Thread 3 reading data end
- Tue Feb 24 09:25:22 2015 logINFO: Thread 3 scrubing data start...
- Tue Feb 24 09:25:22 2015 logINFO: Thread 0 reading data end
- Tue Feb 24 09:25:22 2015 logINFO: Thread 0 scrubing data start...
- Tue Feb 24 09:25:22 2015 logINFO: Thread 1 reading data end
- Tue Feb 24 09:25:22 2015 logINFO: Thread 1 scrubing data start...
- Tue Feb 24 09:25:22 2015 logINFO: Thread 1 scrubing data end...
- Tue Feb 24 09:25:22 2015 logINFO: Thread 1 writing noise data start...
- Tue Feb 24 09:25:22 2015 logINFO: Thread 1 writing noise data end...
- Tue Feb 24 09:25:22 2015 logINFO: Thread 0 scrubing data end...
- Tue Feb 24 09:25:22 2015 logINFO: Thread 0 writing noise data start...
- Tue Feb 24 09:25:22 2015 logINFO: Thread 0 writing noise data end...
- Tue Feb 24 09:25:22 2015 logINFO: Thread 3 scrubing data end...
- Tue Feb 24 09:25:22 2015 logINFO: Thread 3 writing noise data start...
- Tue Feb 24 09:25:22 2015 logINFO: Thread 3 writing noise data end...
- Tue Feb 24 09:25:22 2015 logINFO: Thread 2 scrubing data end...
- Tue Feb 24 09:25:22 2015 logINFO: Thread 2 writing noise data start...
- Tue Feb 24 09:25:22 2015 logINFO: Thread 2 writing noise data end...
- Tue Feb 24 10:40:21 2015 logINFO: Thread 3 reading data start...
- Tue Feb 24 10:40:21 2015 logINFO: Thread 2 reading data start...
- Tue Feb 24 10:40:21 2015 logINFO: Thread 1 reading data start...
- Tue Feb 24 10:40:21 2015 logINFO: Thread 0 reading data start...
- Tue Feb 24 10:40:21 2015 logINFO: Thread 1 reading data end
- Tue Feb 24 10:40:21 2015 logINFO: Thread 1 scrubing data start...
- Tue Feb 24 10:40:21 2015 logINFO: Thread 1 scrubing data end...
- Tue Feb 24 10:40:21 2015 logINFO: Thread 2 reading data end
- Tue Feb 24 10:40:21 2015 logINFO: Thread 2 scrubing data start...
- Tue Feb 24 10:40:21 2015 logINFO: Thread 0 reading data end
- Tue Feb 24 10:40:21 2015 logINFO: Thread 0 scrubing data start...
- Tue Feb 24 10:40:21 2015 logINFO: Thread 0 scrubing data end...
- Tue Feb 24 10:40:21 2015 logINFO: Thread 1 writing noise data start...
- Tue Feb 24 10:40:22 2015 logINFO: Thread 1 writing noise data end...
- Tue Feb 24 10:40:22 2015 logINFO: Thread 2 scrubing data end...
- Tue Feb 24 10:40:22 2015 logINFO: Thread 2 writing noise data start...
- Tue Feb 24 10:40:22 2015 logINFO: Thread 2 writing noise data end...
- Tue Feb 24 10:40:22 2015 logINFO: Thread 0 writing noise data start...
- Tue Feb 24 10:40:22 2015 logINFO: Thread 0 writing noise data end...
- Tue Feb 24 10:40:22 2015 logINFO: Thread 3 reading data end
- Tue Feb 24 10:40:22 2015 logINFO: Thread 3 scrubing data start...
- Tue Feb 24 10:40:22 2015 logINFO: Thread 3 scrubing data end...
- Tue Feb 24 10:40:22 2015 logINFO: Thread 3 writing noise data start...
- Tue Feb 24 10:40:22 2015 logINFO: Thread 3 writing noise data end...
- Tue Feb 24 10:44:57 2015 logINFO: Thread 3 reading data start...
- Tue Feb 24 10:44:57 2015 logINFO: Thread 2 reading data start...
- Tue Feb 24 10:44:57 2015 logINFO: Thread 1 reading data start...
- Tue Feb 24 10:44:57 2015 logINFO: Thread 0 reading data start...
- Tue Feb 24 10:44:57 2015 logINFO: Thread 2 reading data end
- Tue Feb 24 10:44:57 2015 logINFO: Thread 2 scrubing data start...
- Tue Feb 24 10:44:57 2015 logINFO: Thread 2 scrubing data end...
- Tue Feb 24 10:44:57 2015 logINFO: Thread 2 writing noise data start...
- Tue Feb 24 10:44:57 2015 logINFO: Thread 2 writing noise data end...
- Tue Feb 24 10:44:57 2015 logINFO: Thread 3 reading data end
- Tue Feb 24 10:44:57 2015 logINFO: Thread 3 scrubing data start...
- Tue Feb 24 10:44:57 2015 logINFO: Thread 3 scrubing data end...
- Tue Feb 24 10:44:57 2015 logINFO: Thread 3 writing noise data start...
- Tue Feb 24 10:44:57 2015 logINFO: Thread 3 writing noise data end...
- Tue Feb 24 10:44:57 2015 logINFO: Thread 0 reading data end
- Tue Feb 24 10:44:57 2015 logINFO: Thread 0 scrubing data start...
- Tue Feb 24 10:44:57 2015 logINFO: Thread 0 scrubing data end...
- Tue Feb 24 10:44:57 2015 logINFO: Thread 0 writing noise data start...
- Tue Feb 24 10:44:57 2015 logINFO: Thread 0 writing noise data end...
- Tue Feb 24 10:44:57 2015 logINFO: Thread 1 reading data end
- Tue Feb 24 10:44:57 2015 logINFO: Thread 1 scrubing data start...
- Tue Feb 24 10:44:57 2015 logINFO: Thread 1 scrubing data end...
- Tue Feb 24 10:44:57 2015 logINFO: Thread 1 writing noise data start...
- Tue Feb 24 10:44:57 2015 logINFO: Thread 1 writing noise data end...
- Tue Feb 24 10:51:00 2015 logINFO: Thread 3 reading data start...
- Tue Feb 24 10:51:00 2015 logINFO: Thread 2 reading data start...
- Tue Feb 24 10:51:00 2015 logINFO: Thread 1 reading data start...
- Tue Feb 24 10:51:00 2015 logINFO: Thread 0 reading data start...
- Tue Feb 24 10:51:00 2015 logINFO: Thread 3 reading data end
- Tue Feb 24 10:51:00 2015 logINFO: Thread 3 scrubing data start...
- Tue Feb 24 10:51:00 2015 logINFO: Thread 3 scrubing data end...
- Tue Feb 24 10:51:00 2015 logINFO: Thread 3 writing noise data start...
- Tue Feb 24 10:51:00 2015 logINFO: Thread 3 writing noise data end...
- Tue Feb 24 10:51:00 2015 logINFO: Thread 1 reading data end
- Tue Feb 24 10:51:00 2015 logINFO: Thread 1 scrubing data start...
- Tue Feb 24 10:51:00 2015 logINFO: Thread 1 scrubing data end...
- Tue Feb 24 10:51:00 2015 logINFO: Thread 1 writing noise data start...
- Tue Feb 24 10:51:00 2015 logINFO: Thread 1 writing noise data end...
- Tue Feb 24 10:51:00 2015 logINFO: Thread 0 reading data end
- Tue Feb 24 10:51:00 2015 logINFO: Thread 2 reading data end
- Tue Feb 24 10:51:00 2015 logINFO: Thread 2 scrubing data start...
- Tue Feb 24 10:51:00 2015 logINFO: Thread 2 scrubing data end...
- Tue Feb 24 10:51:00 2015 logINFO: Thread 2 writing noise data start...
- Tue Feb 24 10:51:00 2015 logINFO: Thread 2 writing noise data end...
- Tue Feb 24 10:51:00 2015 logINFO: Thread 0 scrubing data start...
- Tue Feb 24 10:51:00 2015 logINFO: Thread 0 scrubing data end...
- Tue Feb 24 10:51:00 2015 logINFO: Thread 0 writing noise data start...
- Tue Feb 24 10:51:00 2015 logINFO: Thread 0 writing noise data end...
- Tue Feb 24 10:55:55 2015 logINFO: Thread 3 reading data start...
- Tue Feb 24 10:55:55 2015 logINFO: Thread 2 reading data start...
- Tue Feb 24 10:55:55 2015 logINFO: Thread 1 reading data start...
- Tue Feb 24 10:55:55 2015 logINFO: Thread 0 reading data start...
- Tue Feb 24 10:55:55 2015 logINFO: Thread 2 reading data end
- Tue Feb 24 10:55:55 2015 logINFO: Thread 2 scrubing data start...
- Tue Feb 24 10:55:55 2015 logINFO: Thread 2 scrubing data end...
- Tue Feb 24 10:55:55 2015 logINFO: Thread 2 writing noise data start...
- Tue Feb 24 10:55:55 2015 logINFO: Thread 2 writing noise data end...
- Tue Feb 24 10:55:55 2015 logINFO: Thread 1 reading data end
- Tue Feb 24 10:55:55 2015 logINFO: Thread 1 scrubing data start...
- Tue Feb 24 10:55:55 2015 logINFO: Thread 1 scrubing data end...
- Tue Feb 24 10:55:55 2015 logINFO: Thread 1 writing noise data start...
- Tue Feb 24 10:55:55 2015 logINFO: Thread 1 writing noise data end...
- Tue Feb 24 10:55:55 2015 logINFO: Thread 0 reading data end
- Tue Feb 24 10:55:55 2015 logINFO: Thread 0 scrubing data start...
- Tue Feb 24 10:55:55 2015 logINFO: Thread 0 scrubing data end...
- Tue Feb 24 10:55:55 2015 logINFO: Thread 0 writing noise data start...
- Tue Feb 24 10:55:55 2015 logINFO: Thread 0 writing noise data end...
- Tue Feb 24 10:55:55 2015 logINFO: Thread 3 reading data end
- Tue Feb 24 10:55:55 2015 logINFO: Thread 3 scrubing data start...
- Tue Feb 24 10:55:55 2015 logINFO: Thread 3 scrubing data end...
- Tue Feb 24 10:55:55 2015 logINFO: Thread 3 writing noise data start...
- Tue Feb 24 10:55:55 2015 logINFO: Thread 3 writing noise data end...
- Tue Feb 24 10:57:21 2015 logINFO: Thread 3 reading data start...
- Tue Feb 24 10:57:21 2015 logINFO: Thread 2 reading data start...
- Tue Feb 24 10:57:21 2015 logINFO: Thread 1 reading data start...
- Tue Feb 24 10:57:21 2015 logINFO: Thread 0 reading data start...
- Tue Feb 24 10:57:21 2015 logINFO: Thread 2 reading data end
- Tue Feb 24 10:57:21 2015 logINFO: Thread 2 scrubing data start...
- Tue Feb 24 10:57:21 2015 logINFO: Thread 3 reading data end
- Tue Feb 24 10:57:21 2015 logINFO: Thread 3 scrubing data start...
- Tue Feb 24 10:57:21 2015 logINFO: Thread 1 reading data end
- Tue Feb 24 10:57:21 2015 logINFO: Thread 1 scrubing data start...
- Tue Feb 24 10:57:21 2015 logINFO: Thread 0 reading data end
- Tue Feb 24 10:57:21 2015 logINFO: Thread 0 scrubing data start...
- Tue Feb 24 10:57:21 2015 logINFO: Thread 1 scrubing data end...
- Tue Feb 24 10:57:21 2015 logINFO: Thread 0 scrubing data end...
- Tue Feb 24 10:57:21 2015 logINFO: Thread 0 writing noise data start...
- Tue Feb 24 10:57:21 2015 logINFO: Thread 0 writing noise data end...
- Tue Feb 24 10:57:21 2015 logINFO: Thread 3 scrubing data end...
- Tue Feb 24 10:57:21 2015 logINFO: Thread 3 writing noise data start...
- Tue Feb 24 10:57:21 2015 logINFO: Thread 3 writing noise data end...
- Tue Feb 24 10:57:21 2015 logINFO: Thread 2 scrubing data end...
- Tue Feb 24 10:57:21 2015 logINFO: Thread 2 writing noise data start...
- Tue Feb 24 10:57:21 2015 logINFO: Thread 2 writing noise data end...
- Tue Feb 24 10:57:21 2015 logINFO: Thread 1 writing noise data start...
- Tue Feb 24 10:57:21 2015 logINFO: Thread 1 writing noise data end...
